19-Sep-2024 17:48:38.498 INFO [main] org.apache.catalina.startup.VersionLoggerListener.log Server version name:   Apache Tomcat/9.0.85
19-Sep-2024 17:48:39.066 INFO [main] org.apache.catalina.startup.VersionLoggerListener.log Server built:          Jan 5 2024 08:28:07 UTC
19-Sep-2024 17:48:39.069 INFO [main] org.apache.catalina.startup.VersionLoggerListener.log Server version number: 9.0.85.0
19-Sep-2024 17:48:39.069 INFO [main] org.apache.catalina.startup.VersionLoggerListener.log OS Name:               Windows 10
19-Sep-2024 17:48:39.070 INFO [main] org.apache.catalina.startup.VersionLoggerListener.log OS Version:            10.0
19-Sep-2024 17:48:39.070 INFO [main] org.apache.catalina.startup.VersionLoggerListener.log Architecture:          x86
19-Sep-2024 17:48:39.070 INFO [main] org.apache.catalina.startup.VersionLoggerListener.log Java Home:             C:\SistemaWebPrueba\OpenJDK8U-jdk_x86-32_windows_hotspot_8u422b05\jdk8u422-b05\jre
19-Sep-2024 17:48:39.071 INFO [main] org.apache.catalina.startup.VersionLoggerListener.log JVM Version:           1.8.0_422-b05
19-Sep-2024 17:48:39.071 INFO [main] org.apache.catalina.startup.VersionLoggerListener.log JVM Vendor:            Temurin
19-Sep-2024 17:48:39.071 INFO [main] org.apache.catalina.startup.VersionLoggerListener.log CATALINA_BASE:         C:\SistemaWebPrueba\apache-tomcat-9.0.85
19-Sep-2024 17:48:39.071 INFO [main] org.apache.catalina.startup.VersionLoggerListener.log CATALINA_HOME:         C:\SistemaWebPrueba\apache-tomcat-9.0.85
19-Sep-2024 17:48:39.078 INFO [main] org.apache.catalina.startup.VersionLoggerListener.log Command line argument: -Djava.util.logging.config.file=c:\SistemaWebPrueba\apache-tomcat-9.0.85\conf\logging.properties
19-Sep-2024 17:48:39.082 INFO [main] org.apache.catalina.startup.VersionLoggerListener.log Command line argument: -Djava.util.logging.manager=org.apache.juli.ClassLoaderLogManager
19-Sep-2024 17:48:39.083 INFO [main] org.apache.catalina.startup.VersionLoggerListener.log Command line argument: -Djdk.tls.ephemeralDHKeySize=2048
19-Sep-2024 17:48:39.084 INFO [main] org.apache.catalina.startup.VersionLoggerListener.log Command line argument: -Djava.protocol.handler.pkgs=org.apache.catalina.webresources
19-Sep-2024 17:48:39.084 INFO [main] org.apache.catalina.startup.VersionLoggerListener.log Command line argument: -Dignore.endorsed.dirs=
19-Sep-2024 17:48:39.085 INFO [main] org.apache.catalina.startup.VersionLoggerListener.log Command line argument: -Dcatalina.base=c:\SistemaWebPrueba\apache-tomcat-9.0.85
19-Sep-2024 17:48:39.086 INFO [main] org.apache.catalina.startup.VersionLoggerListener.log Command line argument: -Dcatalina.home=c:\SistemaWebPrueba\apache-tomcat-9.0.85
19-Sep-2024 17:48:39.087 INFO [main] org.apache.catalina.startup.VersionLoggerListener.log Command line argument: -Djava.io.tmpdir=c:\SistemaWebPrueba\apache-tomcat-9.0.85\temp
19-Sep-2024 17:48:39.123 WARNING [main] org.apache.catalina.core.AprLifecycleListener.init The Apache Tomcat Native library failed to load. The error reported was [C:\SistemaWebPrueba\apache-tomcat-9.0.85\bin\tcnative-1.dll: Can't load AMD 64-bit .dll on a IA 32-bit platform]
	java.lang.UnsatisfiedLinkError: C:\SistemaWebPrueba\apache-tomcat-9.0.85\bin\tcnative-1.dll: Can't load AMD 64-bit .dll on a IA 32-bit platform
		at java.lang.ClassLoader$NativeLibrary.load(Native Method)
		at java.lang.ClassLoader.loadLibrary0(ClassLoader.java:1934)
		at java.lang.ClassLoader.loadLibrary(ClassLoader.java:1817)
		at java.lang.Runtime.load0(Runtime.java:782)
		at java.lang.System.load(System.java:1100)
		at org.apache.tomcat.jni.Library.<init>(Library.java:42)
		at org.apache.tomcat.jni.Library.initialize(Library.java:235)
		at org.apache.catalina.core.AprLifecycleListener.init(AprLifecycleListener.java:194)
		at org.apache.catalina.core.AprLifecycleListener.lifecycleEvent(AprLifecycleListener.java:132)
		at org.apache.catalina.util.LifecycleBase.fireLifecycleEvent(LifecycleBase.java:114)
		at org.apache.catalina.util.LifecycleBase.setStateInternal(LifecycleBase.java:402)
		at org.apache.catalina.util.LifecycleBase.init(LifecycleBase.java:126)
		at org.apache.catalina.startup.Catalina.load(Catalina.java:724)
		at org.apache.catalina.startup.Catalina.load(Catalina.java:746)
		at sun.reflect.NativeMethodAccessorImpl.invoke0(Native Method)
		at sun.reflect.NativeMethodAccessorImpl.invoke(NativeMethodAccessorImpl.java:62)
		at sun.reflect.DelegatingMethodAccessorImpl.invoke(DelegatingMethodAccessorImpl.java:43)
		at java.lang.reflect.Method.invoke(Method.java:498)
		at org.apache.catalina.startup.Bootstrap.load(Bootstrap.java:307)
		at org.apache.catalina.startup.Bootstrap.main(Bootstrap.java:477)
19-Sep-2024 17:48:43.563 INFO [main] org.apache.coyote.AbstractProtocol.init Initializing ProtocolHandler ["http-nio-1111"]
19-Sep-2024 17:48:43.605 INFO [main] org.apache.catalina.startup.Catalina.load Server initialization in [5687] milliseconds
19-Sep-2024 17:48:43.690 INFO [main] org.apache.catalina.core.StandardService.startInternal Starting service [Catalina]
19-Sep-2024 17:48:43.691 INFO [main] org.apache.catalina.core.StandardEngine.startInternal Starting Servlet engine: [Apache Tomcat/9.0.85]
19-Sep-2024 17:48:43.752 INFO [main] org.apache.catalina.startup.HostConfig.deployWAR Deploying web application archive [C:\SistemaWebPrueba\apache-tomcat-9.0.85\webapps\aulascursosya.war]
19-Sep-2024 17:49:13.659 INFO [main] org.apache.jasper.servlet.TldScanner.scanJars At least one JAR was scanned for TLDs yet contained no TLDs. Enable debug logging for this logger for a complete list of JARs that were scanned but no TLDs were found in them. Skipping unneeded JARs during scanning can improve startup time and JSP compilation time.
19-Sep-2024 17:49:14.409 WARNING [main] org.apache.catalina.util.SessionIdGeneratorBase.createSecureRandom Creation of SecureRandom instance for session ID generation using [SHA1PRNG] took [668] milliseconds.
19-Sep-2024 17:49:14.557 INFO [main] org.directwebremoting.impl.StartupUtil.info DWR Version 2.0.11-SNAPSHOT starting.
19-Sep-2024 17:49:14.557 INFO [main] org.directwebremoting.impl.StartupUtil.info - Servlet Engine: Apache Tomcat/9.0.85
19-Sep-2024 17:49:14.560 INFO [main] org.directwebremoting.impl.StartupUtil.info - Java Version:   1.8.0_422
19-Sep-2024 17:49:14.561 INFO [main] org.directwebremoting.impl.StartupUtil.info - Java Vendor:    Temurin
19-Sep-2024 17:49:14.778 INFO [main] org.directwebremoting.dwrp.DefaultConverterManager.info Probably not an issue: org.jdom.Document is not available so the jdom converter will not load. This is only a problem if you wanted to use it.
19-Sep-2024 17:49:14.779 INFO [main] org.directwebremoting.dwrp.DefaultConverterManager.info Probably not an issue: org.jdom.Element is not available so the jdom converter will not load. This is only a problem if you wanted to use it.
19-Sep-2024 17:49:14.814 INFO [main] org.apache.catalina.startup.HostConfig.deployWAR Deployment of web application archive [C:\SistemaWebPrueba\apache-tomcat-9.0.85\webapps\aulascursosya.war] has finished in [31,061] ms
19-Sep-2024 17:49:14.861 INFO [main] org.apache.catalina.startup.HostConfig.deployWAR Deploying web application archive [C:\SistemaWebPrueba\apache-tomcat-9.0.85\webapps\cuadros.war]
19-Sep-2024 17:49:15.341 INFO [main] org.apache.jasper.servlet.TldScanner.scanJars At least one JAR was scanned for TLDs yet contained no TLDs. Enable debug logging for this logger for a complete list of JARs that were scanned but no TLDs were found in them. Skipping unneeded JARs during scanning can improve startup time and JSP compilation time.
19-Sep-2024 17:49:15.347 INFO [main] org.apache.catalina.startup.HostConfig.deployWAR Deployment of web application archive [C:\SistemaWebPrueba\apache-tomcat-9.0.85\webapps\cuadros.war] has finished in [485] ms
19-Sep-2024 17:49:15.351 INFO [main] org.apache.catalina.startup.HostConfig.deployWAR Deploying web application archive [C:\SistemaWebPrueba\apache-tomcat-9.0.85\webapps\invoicedemo.war]
19-Sep-2024 17:49:47.733 INFO [main] org.apache.jasper.servlet.TldScanner.scanJars At least one JAR was scanned for TLDs yet contained no TLDs. Enable debug logging for this logger for a complete list of JARs that were scanned but no TLDs were found in them. Skipping unneeded JARs during scanning can improve startup time and JSP compilation time.
19-Sep-2024 17:49:48.159 INFO [main] org.apache.catalina.startup.HostConfig.deployWAR Deployment of web application archive [C:\SistemaWebPrueba\apache-tomcat-9.0.85\webapps\invoicedemo.war] has finished in [32,808] ms
19-Sep-2024 17:49:48.193 INFO [main] org.apache.catalina.startup.HostConfig.deployWAR Deploying web application archive [C:\SistemaWebPrueba\apache-tomcat-9.0.85\webapps\oxcondominio.war]
19-Sep-2024 17:50:21.268 INFO [main] org.apache.jasper.servlet.TldScanner.scanJars At least one JAR was scanned for TLDs yet contained no TLDs. Enable debug logging for this logger for a complete list of JARs that were scanned but no TLDs were found in them. Skipping unneeded JARs during scanning can improve startup time and JSP compilation time.
19-Sep-2024 17:50:21.817 INFO [main] org.apache.catalina.startup.HostConfig.deployWAR Deployment of web application archive [C:\SistemaWebPrueba\apache-tomcat-9.0.85\webapps\oxcondominio.war] has finished in [33,624] ms
19-Sep-2024 17:50:21.829 INFO [main] org.apache.catalina.startup.HostConfig.deployWAR Deploying web application archive [C:\SistemaWebPrueba\apache-tomcat-9.0.85\webapps\oxhospedaje.war]
19-Sep-2024 17:50:47.111 INFO [main] org.apache.jasper.servlet.TldScanner.scanJars At least one JAR was scanned for TLDs yet contained no TLDs. Enable debug logging for this logger for a complete list of JARs that were scanned but no TLDs were found in them. Skipping unneeded JARs during scanning can improve startup time and JSP compilation time.
19-Sep-2024 17:50:47.249 INFO [main] org.directwebremoting.impl.StartupUtil.info DWR Version 2.0.11-SNAPSHOT starting.
19-Sep-2024 17:50:47.250 INFO [main] org.directwebremoting.impl.StartupUtil.info - Servlet Engine: Apache Tomcat/9.0.85
19-Sep-2024 17:50:47.251 INFO [main] org.directwebremoting.impl.StartupUtil.info - Java Version:   1.8.0_422
19-Sep-2024 17:50:47.253 INFO [main] org.directwebremoting.impl.StartupUtil.info - Java Vendor:    Temurin
19-Sep-2024 17:50:47.490 INFO [main] org.directwebremoting.dwrp.DefaultConverterManager.info Probably not an issue: org.jdom.Document is not available so the jdom converter will not load. This is only a problem if you wanted to use it.
19-Sep-2024 17:50:47.491 INFO [main] org.directwebremoting.dwrp.DefaultConverterManager.info Probably not an issue: org.jdom.Element is not available so the jdom converter will not load. This is only a problem if you wanted to use it.
19-Sep-2024 17:50:47.519 INFO [main] org.apache.catalina.startup.HostConfig.deployWAR Deployment of web application archive [C:\SistemaWebPrueba\apache-tomcat-9.0.85\webapps\oxhospedaje.war] has finished in [25,690] ms
19-Sep-2024 17:50:47.522 INFO [main] org.apache.catalina.startup.HostConfig.deployDirectory Deploying web application directory [C:\SistemaWebPrueba\apache-tomcat-9.0.85\webapps\docs]
19-Sep-2024 17:50:47.580 INFO [main] org.apache.catalina.startup.HostConfig.deployDirectory Deployment of web application directory [C:\SistemaWebPrueba\apache-tomcat-9.0.85\webapps\docs] has finished in [59] ms
19-Sep-2024 17:50:47.581 INFO [main] org.apache.catalina.startup.HostConfig.deployDirectory Deploying web application directory [C:\SistemaWebPrueba\apache-tomcat-9.0.85\webapps\examples]
19-Sep-2024 17:50:48.238 INFO [main] org.apache.catalina.startup.HostConfig.deployDirectory Deployment of web application directory [C:\SistemaWebPrueba\apache-tomcat-9.0.85\webapps\examples] has finished in [657] ms
19-Sep-2024 17:50:48.239 INFO [main] org.apache.catalina.startup.HostConfig.deployDirectory Deploying web application directory [C:\SistemaWebPrueba\apache-tomcat-9.0.85\webapps\host-manager]
19-Sep-2024 17:50:48.301 INFO [main] org.apache.catalina.startup.HostConfig.deployDirectory Deployment of web application directory [C:\SistemaWebPrueba\apache-tomcat-9.0.85\webapps\host-manager] has finished in [63] ms
19-Sep-2024 17:50:48.302 INFO [main] org.apache.catalina.startup.HostConfig.deployDirectory Deploying web application directory [C:\SistemaWebPrueba\apache-tomcat-9.0.85\webapps\manager]
19-Sep-2024 17:50:48.345 INFO [main] org.apache.catalina.startup.HostConfig.deployDirectory Deployment of web application directory [C:\SistemaWebPrueba\apache-tomcat-9.0.85\webapps\manager] has finished in [43] ms
19-Sep-2024 17:50:48.346 INFO [main] org.apache.catalina.startup.HostConfig.deployDirectory Deploying web application directory [C:\SistemaWebPrueba\apache-tomcat-9.0.85\webapps\ROOT]
19-Sep-2024 17:50:48.390 INFO [main] org.apache.catalina.startup.HostConfig.deployDirectory Deployment of web application directory [C:\SistemaWebPrueba\apache-tomcat-9.0.85\webapps\ROOT] has finished in [43] ms
19-Sep-2024 17:50:48.396 INFO [main] org.apache.coyote.AbstractProtocol.start Starting ProtocolHandler ["http-nio-1111"]
19-Sep-2024 17:50:48.424 INFO [main] org.apache.catalina.startup.Catalina.start Server startup in [124818] milliseconds
19-Sep-2024 17:54:49.898 INFO [Catalina-utility-2] org.apache.catalina.startup.HostConfig.undeploy Undeploying context [/invoicedemo]
19-Sep-2024 17:54:49.922 WARNING [Catalina-utility-2] org.apache.catalina.loader.WebappClassLoaderBase.clearReferencesJdbc The web application [invoicedemo] registered the JDBC driver [org.mariadb.jdbc.Driver] but failed to unregister it when the web application was stopped. To prevent a memory leak, the JDBC Driver has been forcibly unregistered.
19-Sep-2024 17:54:50.535 INFO [Catalina-utility-2] org.apache.catalina.startup.HostConfig.undeploy Undeploying context [/aulascursosya]
19-Sep-2024 17:54:51.190 INFO [Catalina-utility-2] org.apache.catalina.startup.HostConfig.undeploy Undeploying context [/oxcondominio]
19-Sep-2024 17:54:51.860 INFO [Catalina-utility-2] org.apache.catalina.startup.HostConfig.undeploy Undeploying context [/oxhospedaje]
19-Sep-2024 17:54:52.618 INFO [Catalina-utility-2] org.apache.catalina.startup.HostConfig.undeploy Undeploying context [/cuadros]
19-Sep-2024 17:54:52.994 WARNING [Catalina-utility-2] org.apache.catalina.loader.WebappClassLoaderBase.clearReferencesJdbc The web application [cuadros] registered the JDBC driver [org.mariadb.jdbc.Driver] but failed to unregister it when the web application was stopped. To prevent a memory leak, the JDBC Driver has been forcibly unregistered.
19-Sep-2024 17:54:53.027 INFO [Catalina-utility-2] org.apache.catalina.startup.HostConfig.deployWAR Deploying web application archive [C:\SistemaWebPrueba\apache-tomcat-9.0.85\webapps\aulascursosya.war]
19-Sep-2024 17:55:15.244 INFO [Catalina-utility-2] org.apache.jasper.servlet.TldScanner.scanJars At least one JAR was scanned for TLDs yet contained no TLDs. Enable debug logging for this logger for a complete list of JARs that were scanned but no TLDs were found in them. Skipping unneeded JARs during scanning can improve startup time and JSP compilation time.
19-Sep-2024 17:55:15.361 INFO [Catalina-utility-2] org.directwebremoting.impl.StartupUtil.info DWR Version 2.0.11-SNAPSHOT starting.
19-Sep-2024 17:55:15.361 INFO [Catalina-utility-2] org.directwebremoting.impl.StartupUtil.info - Servlet Engine: Apache Tomcat/9.0.85
19-Sep-2024 17:55:15.364 INFO [Catalina-utility-2] org.directwebremoting.impl.StartupUtil.info - Java Version:   1.8.0_422
19-Sep-2024 17:55:15.365 INFO [Catalina-utility-2] org.directwebremoting.impl.StartupUtil.info - Java Vendor:    Temurin
19-Sep-2024 17:55:15.575 INFO [Catalina-utility-2] org.directwebremoting.dwrp.DefaultConverterManager.info Probably not an issue: org.jdom.Document is not available so the jdom converter will not load. This is only a problem if you wanted to use it.
19-Sep-2024 17:55:15.575 INFO [Catalina-utility-2] org.directwebremoting.dwrp.DefaultConverterManager.info Probably not an issue: org.jdom.Element is not available so the jdom converter will not load. This is only a problem if you wanted to use it.
19-Sep-2024 17:55:15.607 INFO [Catalina-utility-2] org.apache.catalina.startup.HostConfig.deployWAR Deployment of web application archive [C:\SistemaWebPrueba\apache-tomcat-9.0.85\webapps\aulascursosya.war] has finished in [22,580] ms
19-Sep-2024 17:55:15.609 INFO [Catalina-utility-2] org.apache.catalina.startup.HostConfig.deployWAR Deploying web application archive [C:\SistemaWebPrueba\apache-tomcat-9.0.85\webapps\cuadros.war]
19-Sep-2024 17:55:16.020 INFO [Catalina-utility-2] org.apache.jasper.servlet.TldScanner.scanJars At least one JAR was scanned for TLDs yet contained no TLDs. Enable debug logging for this logger for a complete list of JARs that were scanned but no TLDs were found in them. Skipping unneeded JARs during scanning can improve startup time and JSP compilation time.
19-Sep-2024 17:55:16.024 INFO [Catalina-utility-2] org.apache.catalina.startup.HostConfig.deployWAR Deployment of web application archive [C:\SistemaWebPrueba\apache-tomcat-9.0.85\webapps\cuadros.war] has finished in [415] ms
19-Sep-2024 17:55:16.026 INFO [Catalina-utility-2] org.apache.catalina.startup.HostConfig.deployWAR Deploying web application archive [C:\SistemaWebPrueba\apache-tomcat-9.0.85\webapps\invoicedemo.war]
19-Sep-2024 17:55:42.242 INFO [Catalina-utility-2] org.apache.jasper.servlet.TldScanner.scanJars At least one JAR was scanned for TLDs yet contained no TLDs. Enable debug logging for this logger for a complete list of JARs that were scanned but no TLDs were found in them. Skipping unneeded JARs during scanning can improve startup time and JSP compilation time.
19-Sep-2024 17:55:42.604 INFO [Catalina-utility-2] org.apache.catalina.startup.HostConfig.deployWAR Deployment of web application archive [C:\SistemaWebPrueba\apache-tomcat-9.0.85\webapps\invoicedemo.war] has finished in [26,578] ms
19-Sep-2024 17:55:42.607 INFO [Catalina-utility-2] org.apache.catalina.startup.HostConfig.deployWAR Deploying web application archive [C:\SistemaWebPrueba\apache-tomcat-9.0.85\webapps\oxcondominio.war]
19-Sep-2024 17:55:56.752 INFO [main] org.apache.catalina.startup.VersionLoggerListener.log Server version name:   Apache Tomcat/9.0.85
19-Sep-2024 17:55:56.760 INFO [main] org.apache.catalina.startup.VersionLoggerListener.log Server built:          Jan 5 2024 08:28:07 UTC
19-Sep-2024 17:55:56.760 INFO [main] org.apache.catalina.startup.VersionLoggerListener.log Server version number: 9.0.85.0
19-Sep-2024 17:55:56.764 INFO [main] org.apache.catalina.startup.VersionLoggerListener.log OS Name:               Windows 10
19-Sep-2024 17:55:56.766 INFO [main] org.apache.catalina.startup.VersionLoggerListener.log OS Version:            10.0
19-Sep-2024 17:55:56.767 INFO [main] org.apache.catalina.startup.VersionLoggerListener.log Architecture:          amd64
19-Sep-2024 17:55:56.767 INFO [main] org.apache.catalina.startup.VersionLoggerListener.log Java Home:             C:\SistemaWebPrueba\jdk-17.0.6.10-hotspot
19-Sep-2024 17:55:56.767 INFO [main] org.apache.catalina.startup.VersionLoggerListener.log JVM Version:           17.0.6+10
19-Sep-2024 17:55:56.768 INFO [main] org.apache.catalina.startup.VersionLoggerListener.log JVM Vendor:            Eclipse Adoptium
19-Sep-2024 17:55:56.768 INFO [main] org.apache.catalina.startup.VersionLoggerListener.log CATALINA_BASE:         C:\SistemaWebPrueba\apache-tomcat-9.0.85
19-Sep-2024 17:55:56.768 INFO [main] org.apache.catalina.startup.VersionLoggerListener.log CATALINA_HOME:         C:\SistemaWebPrueba\apache-tomcat-9.0.85
19-Sep-2024 17:55:56.813 INFO [main] org.apache.catalina.startup.VersionLoggerListener.log Command line argument: --add-opens=java.base/java.lang=ALL-UNNAMED
19-Sep-2024 17:55:56.814 INFO [main] org.apache.catalina.startup.VersionLoggerListener.log Command line argument: --add-opens=java.base/java.io=ALL-UNNAMED
19-Sep-2024 17:55:56.815 INFO [main] org.apache.catalina.startup.VersionLoggerListener.log Command line argument: --add-opens=java.base/java.util=ALL-UNNAMED
19-Sep-2024 17:55:56.816 INFO [main] org.apache.catalina.startup.VersionLoggerListener.log Command line argument: --add-opens=java.base/java.util.concurrent=ALL-UNNAMED
19-Sep-2024 17:55:56.816 INFO [main] org.apache.catalina.startup.VersionLoggerListener.log Command line argument: --add-opens=java.rmi/sun.rmi.transport=ALL-UNNAMED
19-Sep-2024 17:55:56.818 INFO [main] org.apache.catalina.startup.VersionLoggerListener.log Command line argument: -Djava.util.logging.config.file=c:\SistemaWebPrueba\apache-tomcat-9.0.85\conf\logging.properties
19-Sep-2024 17:55:56.819 INFO [main] org.apache.catalina.startup.VersionLoggerListener.log Command line argument: -Djava.util.logging.manager=org.apache.juli.ClassLoaderLogManager
19-Sep-2024 17:55:56.821 INFO [main] org.apache.catalina.startup.VersionLoggerListener.log Command line argument: -Djdk.tls.ephemeralDHKeySize=2048
19-Sep-2024 17:55:56.822 INFO [main] org.apache.catalina.startup.VersionLoggerListener.log Command line argument: -Djava.protocol.handler.pkgs=org.apache.catalina.webresources
19-Sep-2024 17:55:56.823 INFO [main] org.apache.catalina.startup.VersionLoggerListener.log Command line argument: -Dignore.endorsed.dirs=
19-Sep-2024 17:55:56.824 INFO [main] org.apache.catalina.startup.VersionLoggerListener.log Command line argument: -Dcatalina.base=c:\SistemaWebPrueba\apache-tomcat-9.0.85
19-Sep-2024 17:55:56.825 INFO [main] org.apache.catalina.startup.VersionLoggerListener.log Command line argument: -Dcatalina.home=c:\SistemaWebPrueba\apache-tomcat-9.0.85
19-Sep-2024 17:55:56.825 INFO [main] org.apache.catalina.startup.VersionLoggerListener.log Command line argument: -Djava.io.tmpdir=c:\SistemaWebPrueba\apache-tomcat-9.0.85\temp
19-Sep-2024 17:55:56.832 INFO [main] org.apache.catalina.core.AprLifecycleListener.lifecycleEvent Loaded Apache Tomcat Native library [1.2.39] using APR version [1.7.4].
19-Sep-2024 17:55:56.833 INFO [main] org.apache.catalina.core.AprLifecycleListener.lifecycleEvent APR capabilities: IPv6 [true], sendfile [true], accept filters [false], random [true], UDS [true].
19-Sep-2024 17:55:56.834 INFO [main] org.apache.catalina.core.AprLifecycleListener.lifecycleEvent APR/OpenSSL configuration: useAprConnector [false], useOpenSSL [true]
19-Sep-2024 17:55:56.865 INFO [main] org.apache.catalina.core.AprLifecycleListener.initializeSSL OpenSSL successfully initialized [OpenSSL 3.0.11 19 Sep 2023]
19-Sep-2024 17:55:58.070 INFO [main] org.apache.coyote.AbstractProtocol.init Initializing ProtocolHandler ["http-nio-1111"]
19-Sep-2024 17:55:58.443 INFO [main] org.apache.catalina.startup.Catalina.load Server initialization in [2313] milliseconds
19-Sep-2024 17:55:58.866 INFO [main] org.apache.catalina.core.StandardService.startInternal Starting service [Catalina]
19-Sep-2024 17:55:58.878 INFO [main] org.apache.catalina.core.StandardEngine.startInternal Starting Servlet engine: [Apache Tomcat/9.0.85]
19-Sep-2024 17:55:59.008 INFO [main] org.apache.catalina.startup.HostConfig.deployWAR Deploying web application archive [C:\SistemaWebPrueba\apache-tomcat-9.0.85\webapps\aulascursosya.war]
19-Sep-2024 17:56:08.918 INFO [main] org.apache.jasper.servlet.TldScanner.scanJars At least one JAR was scanned for TLDs yet contained no TLDs. Enable debug logging for this logger for a complete list of JARs that were scanned but no TLDs were found in them. Skipping unneeded JARs during scanning can improve startup time and JSP compilation time.
19-Sep-2024 17:56:09.155 WARNING [main] org.apache.catalina.util.SessionIdGeneratorBase.createSecureRandom Creation of SecureRandom instance for session ID generation using [SHA1PRNG] took [112] milliseconds.
19-Sep-2024 17:56:09.398 INFO [main] org.directwebremoting.impl.StartupUtil.info DWR Version 2.0.11-SNAPSHOT starting.
19-Sep-2024 17:56:09.398 INFO [main] org.directwebremoting.impl.StartupUtil.info - Servlet Engine: Apache Tomcat/9.0.85
19-Sep-2024 17:56:09.400 INFO [main] org.directwebremoting.impl.StartupUtil.info - Java Version:   17.0.6
19-Sep-2024 17:56:09.401 INFO [main] org.directwebremoting.impl.StartupUtil.info - Java Vendor:    Eclipse Adoptium
19-Sep-2024 17:56:09.734 INFO [main] org.directwebremoting.dwrp.DefaultConverterManager.info Probably not an issue: org.jdom.Document is not available so the jdom converter will not load. This is only a problem if you wanted to use it.
19-Sep-2024 17:56:09.740 INFO [main] org.directwebremoting.dwrp.DefaultConverterManager.info Probably not an issue: org.jdom.Element is not available so the jdom converter will not load. This is only a problem if you wanted to use it.
19-Sep-2024 17:56:09.788 INFO [main] org.apache.catalina.startup.HostConfig.deployWAR Deployment of web application archive [C:\SistemaWebPrueba\apache-tomcat-9.0.85\webapps\aulascursosya.war] has finished in [10,781] ms
19-Sep-2024 17:56:09.792 INFO [main] org.apache.catalina.startup.HostConfig.deployWAR Deploying web application archive [C:\SistemaWebPrueba\apache-tomcat-9.0.85\webapps\cuadros.war]
19-Sep-2024 17:56:10.017 INFO [main] org.apache.jasper.servlet.TldScanner.scanJars At least one JAR was scanned for TLDs yet contained no TLDs. Enable debug logging for this logger for a complete list of JARs that were scanned but no TLDs were found in them. Skipping unneeded JARs during scanning can improve startup time and JSP compilation time.
19-Sep-2024 17:56:10.030 INFO [main] org.apache.catalina.startup.HostConfig.deployWAR Deployment of web application archive [C:\SistemaWebPrueba\apache-tomcat-9.0.85\webapps\cuadros.war] has finished in [238] ms
19-Sep-2024 17:56:10.035 INFO [main] org.apache.catalina.startup.HostConfig.deployWAR Deploying web application archive [C:\SistemaWebPrueba\apache-tomcat-9.0.85\webapps\invoicedemo.war]
19-Sep-2024 17:56:19.174 INFO [main] org.apache.jasper.servlet.TldScanner.scanJars At least one JAR was scanned for TLDs yet contained no TLDs. Enable debug logging for this logger for a complete list of JARs that were scanned but no TLDs were found in them. Skipping unneeded JARs during scanning can improve startup time and JSP compilation time.
19-Sep-2024 17:56:19.725 INFO [main] org.apache.catalina.startup.HostConfig.deployWAR Deployment of web application archive [C:\SistemaWebPrueba\apache-tomcat-9.0.85\webapps\invoicedemo.war] has finished in [9,690] ms
19-Sep-2024 17:56:19.729 INFO [main] org.apache.catalina.startup.HostConfig.deployWAR Deploying web application archive [C:\SistemaWebPrueba\apache-tomcat-9.0.85\webapps\oxcondominio.war]
19-Sep-2024 17:56:35.512 INFO [main] org.apache.jasper.servlet.TldScanner.scanJars At least one JAR was scanned for TLDs yet contained no TLDs. Enable debug logging for this logger for a complete list of JARs that were scanned but no TLDs were found in them. Skipping unneeded JARs during scanning can improve startup time and JSP compilation time.
19-Sep-2024 17:56:35.930 INFO [main] org.apache.catalina.startup.HostConfig.deployWAR Deployment of web application archive [C:\SistemaWebPrueba\apache-tomcat-9.0.85\webapps\oxcondominio.war] has finished in [16,201] ms
19-Sep-2024 17:56:35.934 INFO [main] org.apache.catalina.startup.HostConfig.deployWAR Deploying web application archive [C:\SistemaWebPrueba\apache-tomcat-9.0.85\webapps\oxhospedaje.war]
19-Sep-2024 17:56:57.236 INFO [main] org.apache.jasper.servlet.TldScanner.scanJars At least one JAR was scanned for TLDs yet contained no TLDs. Enable debug logging for this logger for a complete list of JARs that were scanned but no TLDs were found in them. Skipping unneeded JARs during scanning can improve startup time and JSP compilation time.
19-Sep-2024 17:56:57.375 INFO [main] org.directwebremoting.impl.StartupUtil.info DWR Version 2.0.11-SNAPSHOT starting.
19-Sep-2024 17:56:57.376 INFO [main] org.directwebremoting.impl.StartupUtil.info - Servlet Engine: Apache Tomcat/9.0.85
19-Sep-2024 17:56:57.377 INFO [main] org.directwebremoting.impl.StartupUtil.info - Java Version:   17.0.6
19-Sep-2024 17:56:57.378 INFO [main] org.directwebremoting.impl.StartupUtil.info - Java Vendor:    Eclipse Adoptium
19-Sep-2024 17:56:57.574 INFO [main] org.directwebremoting.dwrp.DefaultConverterManager.info Probably not an issue: org.jdom.Document is not available so the jdom converter will not load. This is only a problem if you wanted to use it.
19-Sep-2024 17:56:57.575 INFO [main] org.directwebremoting.dwrp.DefaultConverterManager.info Probably not an issue: org.jdom.Element is not available so the jdom converter will not load. This is only a problem if you wanted to use it.
19-Sep-2024 17:56:57.607 INFO [main] org.apache.catalina.startup.HostConfig.deployWAR Deployment of web application archive [C:\SistemaWebPrueba\apache-tomcat-9.0.85\webapps\oxhospedaje.war] has finished in [21,673] ms
19-Sep-2024 17:56:57.609 INFO [main] org.apache.catalina.startup.HostConfig.deployDirectory Deploying web application directory [C:\SistemaWebPrueba\apache-tomcat-9.0.85\webapps\docs]
19-Sep-2024 17:56:57.660 INFO [main] org.apache.catalina.startup.HostConfig.deployDirectory Deployment of web application directory [C:\SistemaWebPrueba\apache-tomcat-9.0.85\webapps\docs] has finished in [50] ms
19-Sep-2024 17:56:57.660 INFO [main] org.apache.catalina.startup.HostConfig.deployDirectory Deploying web application directory [C:\SistemaWebPrueba\apache-tomcat-9.0.85\webapps\examples]
19-Sep-2024 17:56:58.389 INFO [main] org.apache.catalina.startup.HostConfig.deployDirectory Deployment of web application directory [C:\SistemaWebPrueba\apache-tomcat-9.0.85\webapps\examples] has finished in [728] ms
19-Sep-2024 17:56:58.392 INFO [main] org.apache.catalina.startup.HostConfig.deployDirectory Deploying web application directory [C:\SistemaWebPrueba\apache-tomcat-9.0.85\webapps\host-manager]
19-Sep-2024 17:56:58.479 INFO [main] org.apache.catalina.startup.HostConfig.deployDirectory Deployment of web application directory [C:\SistemaWebPrueba\apache-tomcat-9.0.85\webapps\host-manager] has finished in [87] ms
19-Sep-2024 17:56:58.482 INFO [main] org.apache.catalina.startup.HostConfig.deployDirectory Deploying web application directory [C:\SistemaWebPrueba\apache-tomcat-9.0.85\webapps\manager]
19-Sep-2024 17:56:58.632 INFO [main] org.apache.catalina.startup.HostConfig.deployDirectory Deployment of web application directory [C:\SistemaWebPrueba\apache-tomcat-9.0.85\webapps\manager] has finished in [149] ms
19-Sep-2024 17:56:58.634 INFO [main] org.apache.catalina.startup.HostConfig.deployDirectory Deploying web application directory [C:\SistemaWebPrueba\apache-tomcat-9.0.85\webapps\ROOT]
19-Sep-2024 17:56:58.693 INFO [main] org.apache.catalina.startup.HostConfig.deployDirectory Deployment of web application directory [C:\SistemaWebPrueba\apache-tomcat-9.0.85\webapps\ROOT] has finished in [59] ms
19-Sep-2024 17:56:58.703 INFO [main] org.apache.coyote.AbstractProtocol.start Starting ProtocolHandler ["http-nio-1111"]
19-Sep-2024 17:56:58.925 INFO [main] org.apache.catalina.startup.Catalina.start Server startup in [60401] milliseconds
19-Sep-2024 18:00:45.405 WARNING [http-nio-1111-exec-6] org.openxava.util.Labels.getWithoutCache Imposible internacionalizar elemento con id Sexos
19-Sep-2024 18:00:46.288 INFO [http-nio-1111-exec-6] org.openxava.controller.ModuleManager.<clinit> OpenXava 7.2.3 (2024-1-26)
19-Sep-2024 18:00:46.298 WARNING [http-nio-1111-exec-6] org.openxava.util.Labels.getWithoutCache Imposible internacionalizar elemento con id aulascursosya
19-Sep-2024 18:00:46.635 WARNING [Thread-2] org.openxava.controller.ModuleManager.getLastVersion Unable to determine the latest version of OpenXava due to: api.github.com
19-Sep-2024 18:00:47.708 WARNING [http-nio-1111-exec-6] org.openxava.util.Labels.getWithoutCache Imposible internacionalizar elemento con id Formatos
19-Sep-2024 18:00:47.730 WARNING [http-nio-1111-exec-6] org.openxava.util.Labels.getWithoutCache Imposible internacionalizar elemento con id Pruebas
19-Sep-2024 18:00:47.750 WARNING [http-nio-1111-exec-6] org.openxava.util.Labels.getWithoutCache Imposible internacionalizar elemento con id Usuarios
19-Sep-2024 18:00:47.764 WARNING [http-nio-1111-exec-6] org.openxava.util.Labels.getWithoutCache Imposible internacionalizar elemento con id Titulos
19-Sep-2024 18:00:47.802 WARNING [http-nio-1111-exec-6] org.openxava.util.Labels.getWithoutCache Imposible internacionalizar elemento con id Areas
19-Sep-2024 18:00:47.822 WARNING [http-nio-1111-exec-6] org.openxava.util.Labels.getWithoutCache Imposible internacionalizar elemento con id Cargos
19-Sep-2024 18:00:47.845 WARNING [http-nio-1111-exec-6] org.openxava.util.Labels.getWithoutCache Imposible internacionalizar elemento con id Categorias
19-Sep-2024 18:00:47.863 WARNING [http-nio-1111-exec-6] org.openxava.util.Labels.getWithoutCache Imposible internacionalizar elemento con id Cursos
19-Sep-2024 18:00:47.880 WARNING [http-nio-1111-exec-6] org.openxava.util.Labels.getWithoutCache Imposible internacionalizar elemento con id TipoDeCursos
19-Sep-2024 18:00:47.896 WARNING [http-nio-1111-exec-6] org.openxava.util.Labels.getWithoutCache Imposible internacionalizar elemento con id SubAreas
19-Sep-2024 18:00:47.912 WARNING [http-nio-1111-exec-6] org.openxava.util.Labels.getWithoutCache Imposible internacionalizar elemento con id SubCategorias
19-Sep-2024 18:00:47.927 WARNING [http-nio-1111-exec-6] org.openxava.util.Labels.getWithoutCache Imposible internacionalizar elemento con id Estructuras
19-Sep-2024 18:00:47.947 WARNING [http-nio-1111-exec-6] org.openxava.util.Labels.getWithoutCache Imposible internacionalizar elemento con id SubEstructuras
19-Sep-2024 18:00:47.966 WARNING [http-nio-1111-exec-6] org.openxava.util.Labels.getWithoutCache Imposible internacionalizar elemento con id Niveles
19-Sep-2024 18:00:47.982 WARNING [http-nio-1111-exec-6] org.openxava.util.Labels.getWithoutCache Imposible internacionalizar elemento con id SubNiveles
19-Sep-2024 18:00:47.997 WARNING [http-nio-1111-exec-6] org.openxava.util.Labels.getWithoutCache Imposible internacionalizar elemento con id TipoDeEvaluaciones
19-Sep-2024 18:00:48.014 WARNING [http-nio-1111-exec-6] org.openxava.util.Labels.getWithoutCache Imposible internacionalizar elemento con id EstadosDeLosCursos
19-Sep-2024 18:00:48.037 WARNING [http-nio-1111-exec-6] org.openxava.util.Labels.getWithoutCache Imposible internacionalizar elemento con id CursosActividades
19-Sep-2024 18:00:48.087 WARNING [http-nio-1111-exec-6] org.openxava.util.Labels.getWithoutCache Imposible internacionalizar elemento con id Preguntas
19-Sep-2024 18:00:48.124 WARNING [http-nio-1111-exec-6] org.openxava.util.Labels.getWithoutCache Imposible internacionalizar elemento con id RolesDeUsuarios
19-Sep-2024 18:00:48.995 FINE [http-nio-1111-exec-6] org.openxava.controller.ModuleManager.log 127.0.0.1 admin MODULE:Sexos
19-Sep-2024 18:00:54.680 FINE [http-nio-1111-exec-8] org.openxava.web.dwr.DWRBase.request Tiempo petición=4195 ms
19-Sep-2024 18:01:02.514 FINE [http-nio-1111-exec-9] org.openxava.controller.ModuleManager.log 127.0.0.1 admin MODULE:Actividades
19-Sep-2024 18:01:02.887 WARNING [http-nio-1111-exec-2] org.openxava.util.Labels.getWithoutCache Imposible internacionalizar elemento con id destinoDelFormato
19-Sep-2024 18:01:03.565 WARNING [http-nio-1111-exec-2] org.openxava.util.Labels.getWithoutCache Imposible internacionalizar elemento con id formato
19-Sep-2024 18:01:04.177 WARNING [http-nio-1111-exec-2] org.openxava.util.Labels.getWithoutCache Imposible internacionalizar elemento con id id
19-Sep-2024 18:01:04.197 WARNING [http-nio-1111-exec-2] org.openxava.util.Labels.getWithoutCache Imposible internacionalizar elemento con id destinoDelFormato
19-Sep-2024 18:01:04.205 WARNING [http-nio-1111-exec-2] org.openxava.util.Labels.getWithoutCache Imposible internacionalizar elemento con id pruebaAsociada
19-Sep-2024 18:01:04.220 WARNING [http-nio-1111-exec-2] org.openxava.util.Labels.getWithoutCache Imposible internacionalizar elemento con id id
19-Sep-2024 18:01:04.234 WARNING [http-nio-1111-exec-2] org.openxava.util.Labels.getWithoutCache Imposible internacionalizar elemento con id usario
19-Sep-2024 18:01:04.246 WARNING [http-nio-1111-exec-2] org.openxava.util.Labels.getWithoutCache Imposible internacionalizar elemento con id id
19-Sep-2024 18:01:04.267 FINE [http-nio-1111-exec-2] org.openxava.web.dwr.DWRBase.request Tiempo petición=1408 ms
19-Sep-2024 18:01:07.158 FINE [http-nio-1111-exec-4] org.openxava.controller.ModuleManager.log 127.0.0.1 admin MODULE:Areas
19-Sep-2024 18:01:07.495 WARNING [http-nio-1111-exec-5] org.openxava.util.Labels.getWithoutCache Imposible internacionalizar elemento con id select
19-Sep-2024 18:01:07.498 WARNING [http-nio-1111-exec-5] org.openxava.util.Labels.getWithoutCache Imposible internacionalizar elemento con id Cards
19-Sep-2024 18:01:07.499 WARNING [http-nio-1111-exec-5] org.openxava.util.Labels.getWithoutCache Imposible internacionalizar elemento con id Calendar
19-Sep-2024 18:01:09.368 FINE [http-nio-1111-exec-5] org.openxava.tab.impl.JPATabProvider.nextBlock [JPATabProvider.nextBlock] Ejecutando SELECT e.id, e.descripcion from Areas e con argumentos
19-Sep-2024 18:01:09.382 FINE [http-nio-1111-exec-5] org.openxava.tab.impl.TableModelBean.getRow nextChunk=20
19-Sep-2024 18:01:09.411 FINE [http-nio-1111-exec-5] org.openxava.web.dwr.DWRBase.request Tiempo petición=1967 ms
19-Sep-2024 18:01:10.164 FINE [http-nio-1111-exec-10] org.openxava.controller.ModuleManager.log 127.0.0.1 admin MODULE:Cargos
19-Sep-2024 18:01:10.515 FINE [http-nio-1111-exec-6] org.openxava.web.dwr.DWRBase.request Tiempo petición=50 ms
19-Sep-2024 18:01:14.003 FINE [http-nio-1111-exec-1] org.openxava.controller.ModuleManager.log 127.0.0.1 admin MODULE:Categorias
19-Sep-2024 18:01:14.368 FINE [http-nio-1111-exec-8] org.openxava.web.dwr.DWRBase.request Tiempo petición=66 ms
19-Sep-2024 18:01:15.651 FINE [http-nio-1111-exec-6] org.openxava.controller.ModuleManager.log 127.0.0.1 admin MODULE:Cursos
19-Sep-2024 18:01:16.016 WARNING [http-nio-1111-exec-11] org.openxava.util.Labels.getWithoutCache Imposible internacionalizar elemento con id codigoCurso
19-Sep-2024 18:01:16.032 WARNING [http-nio-1111-exec-11] org.openxava.util.Labels.getWithoutCache Imposible internacionalizar elemento con id emisionDeCertificado
19-Sep-2024 18:01:16.034 WARNING [http-nio-1111-exec-11] org.openxava.util.Labels.getWithoutCache Imposible internacionalizar elemento con id objetivo
19-Sep-2024 18:01:16.036 WARNING [http-nio-1111-exec-11] org.openxava.util.Labels.getWithoutCache Imposible internacionalizar elemento con id requisitos
19-Sep-2024 18:01:16.037 WARNING [http-nio-1111-exec-11] org.openxava.util.Labels.getWithoutCache Imposible internacionalizar elemento con id costoDelCurso
19-Sep-2024 18:01:16.039 WARNING [http-nio-1111-exec-11] org.openxava.util.Labels.getWithoutCache Imposible internacionalizar elemento con id logoDelCurso
19-Sep-2024 18:01:16.044 WARNING [http-nio-1111-exec-11] org.openxava.util.Labels.getWithoutCache Imposible internacionalizar elemento con id fechaDeCreacion
19-Sep-2024 18:01:16.047 WARNING [http-nio-1111-exec-11] org.openxava.util.Labels.getWithoutCache Imposible internacionalizar elemento con id disponible
19-Sep-2024 18:01:16.202 WARNING [http-nio-1111-exec-11] org.openxava.util.Labels.getWithoutCache Imposible internacionalizar elemento con id codigoCurso
19-Sep-2024 18:01:16.218 WARNING [http-nio-1111-exec-11] org.openxava.util.Labels.getWithoutCache Imposible internacionalizar elemento con id tipoDeCurso
19-Sep-2024 18:01:16.230 WARNING [http-nio-1111-exec-11] org.openxava.util.Labels.getWithoutCache Imposible internacionalizar elemento con id id
19-Sep-2024 18:01:16.239 WARNING [http-nio-1111-exec-11] org.openxava.util.Labels.getWithoutCache Imposible internacionalizar elemento con id areas
19-Sep-2024 18:01:16.250 WARNING [http-nio-1111-exec-11] org.openxava.util.Labels.getWithoutCache Imposible internacionalizar elemento con id id
19-Sep-2024 18:01:16.255 FINE [http-nio-1111-exec-11] org.openxava.tab.impl.JPATabProvider.nextBlock [JPATabProvider.nextBlock] Ejecutando SELECT e.id, e.id, e.descripcion from Areas e con argumentos
19-Sep-2024 18:01:16.260 FINE [http-nio-1111-exec-11] org.openxava.tab.impl.TableModelBean.getRow nextChunk=6
19-Sep-2024 18:01:16.264 WARNING [http-nio-1111-exec-11] org.openxava.util.Labels.getWithoutCache Imposible internacionalizar elemento con id subAreas
19-Sep-2024 18:01:16.277 WARNING [http-nio-1111-exec-11] org.openxava.util.Labels.getWithoutCache Imposible internacionalizar elemento con id id
19-Sep-2024 18:01:16.285 WARNING [http-nio-1111-exec-11] org.openxava.util.Labels.getWithoutCache Imposible internacionalizar elemento con id categorias
19-Sep-2024 18:01:16.296 WARNING [http-nio-1111-exec-11] org.openxava.util.Labels.getWithoutCache Imposible internacionalizar elemento con id id
19-Sep-2024 18:01:16.302 WARNING [http-nio-1111-exec-11] org.openxava.util.Labels.getWithoutCache Imposible internacionalizar elemento con id subCategorias
19-Sep-2024 18:01:16.314 WARNING [http-nio-1111-exec-11] org.openxava.util.Labels.getWithoutCache Imposible internacionalizar elemento con id id
19-Sep-2024 18:01:16.324 WARNING [http-nio-1111-exec-11] org.openxava.util.Labels.getWithoutCache Imposible internacionalizar elemento con id estructura
19-Sep-2024 18:01:16.332 WARNING [http-nio-1111-exec-11] org.openxava.util.Labels.getWithoutCache Imposible internacionalizar elemento con id id
19-Sep-2024 18:01:16.376 WARNING [http-nio-1111-exec-11] org.openxava.util.Labels.getWithoutCache Imposible internacionalizar elemento con id subEstructura
19-Sep-2024 18:01:16.381 WARNING [http-nio-1111-exec-11] org.openxava.util.Labels.getWithoutCache Imposible internacionalizar elemento con id id
19-Sep-2024 18:01:16.396 WARNING [http-nio-1111-exec-11] org.openxava.util.Labels.getWithoutCache Imposible internacionalizar elemento con id id
19-Sep-2024 18:01:16.403 WARNING [http-nio-1111-exec-11] org.openxava.util.Labels.getWithoutCache Imposible internacionalizar elemento con id subNivel
19-Sep-2024 18:01:16.410 WARNING [http-nio-1111-exec-11] org.openxava.util.Labels.getWithoutCache Imposible internacionalizar elemento con id id
19-Sep-2024 18:01:16.417 WARNING [http-nio-1111-exec-11] org.openxava.util.Labels.getWithoutCache Imposible internacionalizar elemento con id tipoDeEvaluacion
19-Sep-2024 18:01:16.424 WARNING [http-nio-1111-exec-11] org.openxava.util.Labels.getWithoutCache Imposible internacionalizar elemento con id id
19-Sep-2024 18:01:16.432 WARNING [http-nio-1111-exec-11] org.openxava.util.Labels.getWithoutCache Imposible internacionalizar elemento con id usario
19-Sep-2024 18:01:16.447 WARNING [http-nio-1111-exec-11] org.openxava.util.Labels.getWithoutCache Imposible internacionalizar elemento con id emisionDeCertificado
19-Sep-2024 18:01:16.702 WARNING [http-nio-1111-exec-11] org.openxava.util.Labels.getWithoutCache Imposible internacionalizar elemento con id objetivo
19-Sep-2024 18:01:17.205 WARNING [http-nio-1111-exec-11] org.openxava.util.Labels.getWithoutCache Imposible internacionalizar elemento con id requisitos
19-Sep-2024 18:01:17.218 WARNING [http-nio-1111-exec-11] org.openxava.util.Labels.getWithoutCache Imposible internacionalizar elemento con id costoDelCurso
19-Sep-2024 18:01:17.230 WARNING [http-nio-1111-exec-11] org.openxava.util.Labels.getWithoutCache Imposible internacionalizar elemento con id logoDelCurso
19-Sep-2024 18:01:17.243 WARNING [http-nio-1111-exec-11] org.openxava.util.Labels.getWithoutCache Imposible internacionalizar elemento con id fechaDeCreacion
19-Sep-2024 18:01:17.677 WARNING [http-nio-1111-exec-11] org.openxava.util.Labels.getWithoutCache Imposible internacionalizar elemento con id estadoDelCurso
19-Sep-2024 18:01:17.690 WARNING [http-nio-1111-exec-11] org.openxava.util.Labels.getWithoutCache Imposible internacionalizar elemento con id id
19-Sep-2024 18:01:17.708 WARNING [http-nio-1111-exec-11] org.openxava.util.Labels.getWithoutCache Imposible internacionalizar elemento con id disponible
19-Sep-2024 18:01:17.727 FINE [http-nio-1111-exec-11] org.openxava.web.dwr.DWRBase.request Tiempo petición=1771 ms
19-Sep-2024 18:01:21.751 FINE [http-nio-1111-exec-7] org.openxava.controller.ModuleManager.log 127.0.0.1 admin MODULE:CursosActividades
19-Sep-2024 18:01:22.034 WARNING [http-nio-1111-exec-3] org.openxava.util.Labels.getWithoutCache Imposible internacionalizar elemento con id activadesQuePrelan
19-Sep-2024 18:01:22.060 WARNING [http-nio-1111-exec-3] org.openxava.util.Labels.getWithoutCache Imposible internacionalizar elemento con id codigoActividad
19-Sep-2024 18:01:22.064 WARNING [http-nio-1111-exec-3] org.openxava.util.Labels.getWithoutCache Imposible internacionalizar elemento con id nombreDeLaCategoria
19-Sep-2024 18:01:22.065 WARNING [http-nio-1111-exec-3] org.openxava.util.Labels.getWithoutCache Imposible internacionalizar elemento con id numeroDeLaCategoria
19-Sep-2024 18:01:22.068 WARNING [http-nio-1111-exec-3] org.openxava.util.Labels.getWithoutCache Imposible internacionalizar elemento con id nombreDeLaSubCategoria
19-Sep-2024 18:01:22.069 WARNING [http-nio-1111-exec-3] org.openxava.util.Labels.getWithoutCache Imposible internacionalizar elemento con id numeroDeLaSubCategoria
19-Sep-2024 18:01:22.076 WARNING [http-nio-1111-exec-3] org.openxava.util.Labels.getWithoutCache Imposible internacionalizar elemento con id ordenDeLaActividad
19-Sep-2024 18:01:22.077 WARNING [http-nio-1111-exec-3] org.openxava.util.Labels.getWithoutCache Imposible internacionalizar elemento con id fechaDeCreacion
19-Sep-2024 18:01:22.079 WARNING [http-nio-1111-exec-3] org.openxava.util.Labels.getWithoutCache Imposible internacionalizar elemento con id disponible
19-Sep-2024 18:01:22.197 WARNING [http-nio-1111-exec-3] org.openxava.util.Labels.getWithoutCache Imposible internacionalizar elemento con id codigoActividad
19-Sep-2024 18:01:22.209 WARNING [http-nio-1111-exec-3] org.openxava.util.Labels.getWithoutCache Imposible internacionalizar elemento con id categorias
19-Sep-2024 18:01:22.219 WARNING [http-nio-1111-exec-3] org.openxava.util.Labels.getWithoutCache Imposible internacionalizar elemento con id nombreDeLaCategoria
19-Sep-2024 18:01:22.226 WARNING [http-nio-1111-exec-3] org.openxava.util.Labels.getWithoutCache Imposible internacionalizar elemento con id numeroDeLaCategoria
19-Sep-2024 18:01:22.230 WARNING [http-nio-1111-exec-3] org.openxava.util.Labels.getWithoutCache Imposible internacionalizar elemento con id subCategorias
19-Sep-2024 18:01:22.241 WARNING [http-nio-1111-exec-3] org.openxava.util.Labels.getWithoutCache Imposible internacionalizar elemento con id nombreDeLaSubCategoria
19-Sep-2024 18:01:22.246 WARNING [http-nio-1111-exec-3] org.openxava.util.Labels.getWithoutCache Imposible internacionalizar elemento con id numeroDeLaSubCategoria
19-Sep-2024 18:01:22.251 WARNING [http-nio-1111-exec-3] org.openxava.util.Labels.getWithoutCache Imposible internacionalizar elemento con id cursoRelacionado
19-Sep-2024 18:01:22.260 WARNING [http-nio-1111-exec-3] org.openxava.util.Labels.getWithoutCache Imposible internacionalizar elemento con id id
19-Sep-2024 18:01:22.265 WARNING [http-nio-1111-exec-3] org.openxava.util.Labels.getWithoutCache Imposible internacionalizar elemento con id activadesRelacionadas
19-Sep-2024 18:01:22.269 WARNING [http-nio-1111-exec-3] org.openxava.util.Labels.getWithoutCache Imposible internacionalizar elemento con id id
19-Sep-2024 18:01:22.278 WARNING [http-nio-1111-exec-3] org.openxava.util.Labels.getWithoutCache Imposible internacionalizar elemento con id ordenDeLaActividad
19-Sep-2024 18:01:22.282 WARNING [http-nio-1111-exec-3] org.openxava.util.Labels.getWithoutCache Imposible internacionalizar elemento con id fechaDeCreacion
19-Sep-2024 18:01:22.290 WARNING [http-nio-1111-exec-3] org.openxava.util.Labels.getWithoutCache Imposible internacionalizar elemento con id estadoDeLaActividad
19-Sep-2024 18:01:22.301 WARNING [http-nio-1111-exec-3] org.openxava.util.Labels.getWithoutCache Imposible internacionalizar elemento con id disponible
19-Sep-2024 18:01:23.396 WARNING [http-nio-1111-exec-3] org.openxava.util.Labels.getWithoutCache Imposible internacionalizar elemento con id codigoActividad
19-Sep-2024 18:01:23.461 FINE [http-nio-1111-exec-3] org.openxava.web.dwr.DWRBase.request Tiempo petición=1429 ms
19-Sep-2024 18:01:25.454 FINE [http-nio-1111-exec-11] org.openxava.controller.ModuleManager.log 127.0.0.1 admin MODULE:EstadosDeLosCursos
19-Sep-2024 18:01:25.769 FINE [http-nio-1111-exec-9] org.openxava.web.dwr.DWRBase.request Tiempo petición=29 ms
19-Sep-2024 18:01:30.420 FINE [http-nio-1111-exec-11] org.openxava.controller.ModuleManager.log 127.0.0.1 admin MODULE:Estructuras
19-Sep-2024 18:01:30.718 WARNING [http-nio-1111-exec-9] org.openxava.util.Labels.getWithoutCache Imposible internacionalizar elemento con id nombreDelResponsable
19-Sep-2024 18:01:30.721 WARNING [http-nio-1111-exec-9] org.openxava.util.Labels.getWithoutCache Imposible internacionalizar elemento con id telefonoDelResponsable
19-Sep-2024 18:01:30.727 WARNING [http-nio-1111-exec-9] org.openxava.util.Labels.getWithoutCache Imposible internacionalizar elemento con id direcionDeLaEstructura
19-Sep-2024 18:01:30.729 WARNING [http-nio-1111-exec-9] org.openxava.util.Labels.getWithoutCache Imposible internacionalizar elemento con id correoElectronico
19-Sep-2024 18:01:30.824 WARNING [http-nio-1111-exec-9] org.openxava.util.Labels.getWithoutCache Imposible internacionalizar elemento con id nombreDelResponsable
19-Sep-2024 18:01:30.829 WARNING [http-nio-1111-exec-9] org.openxava.util.Labels.getWithoutCache Imposible internacionalizar elemento con id telefonoDelResponsable
19-Sep-2024 18:01:30.841 WARNING [http-nio-1111-exec-9] org.openxava.util.Labels.getWithoutCache Imposible internacionalizar elemento con id cargoDelResponsable
19-Sep-2024 18:01:30.849 WARNING [http-nio-1111-exec-9] org.openxava.util.Labels.getWithoutCache Imposible internacionalizar elemento con id id
19-Sep-2024 18:01:30.857 WARNING [http-nio-1111-exec-9] org.openxava.util.Labels.getWithoutCache Imposible internacionalizar elemento con id direcionDeLaEstructura
19-Sep-2024 18:01:30.865 WARNING [http-nio-1111-exec-9] org.openxava.util.Labels.getWithoutCache Imposible internacionalizar elemento con id correoElectronico
19-Sep-2024 18:01:30.876 FINE [http-nio-1111-exec-9] org.openxava.web.dwr.DWRBase.request Tiempo petición=168 ms
19-Sep-2024 18:01:32.259 FINE [http-nio-1111-exec-2] org.openxava.controller.ModuleManager.log 127.0.0.1 admin MODULE:Formatos
19-Sep-2024 18:01:32.569 FINE [http-nio-1111-exec-1] org.openxava.web.dwr.DWRBase.request Tiempo petición=29 ms
19-Sep-2024 18:01:34.028 FINE [http-nio-1111-exec-6] org.openxava.controller.ModuleManager.log 127.0.0.1 admin MODULE:Niveles
19-Sep-2024 18:01:34.416 FINE [http-nio-1111-exec-4] org.openxava.web.dwr.DWRBase.request Tiempo petición=28 ms
