03-Nov-2024 17:44:21.629 INFO [main] org.apache.catalina.core.ApplicationContext.log ContextListener: contextInitialized()
03-Nov-2024 17:44:21.629 INFO [main] org.apache.catalina.core.ApplicationContext.log SessionListener: contextInitialized()
03-Nov-2024 17:44:21.638 INFO [main] org.apache.catalina.core.ApplicationContext.log ContextListener: attributeAdded('StockTicker', 'async.Stockticker@148a3112')
03-Nov-2024 17:46:01.581 SEVERE [http-nio-1111-exec-9] org.apache.catalina.core.StandardWrapperValve.invoke Servlet.service() for servlet [jsp] in context with path [/oxhospedaje] threw exception
	javax.persistence.PersistenceException: [PersistenceUnit: default] Unable to build Hibernate SessionFactory
		at org.hibernate.jpa.boot.internal.EntityManagerFactoryBuilderImpl.persistenceException(EntityManagerFactoryBuilderImpl.java:1597)
		at org.hibernate.jpa.boot.internal.EntityManagerFactoryBuilderImpl.build(EntityManagerFactoryBuilderImpl.java:1503)
		at org.hibernate.jpa.HibernatePersistenceProvider.createEntityManagerFactory(HibernatePersistenceProvider.java:56)
		at javax.persistence.Persistence.createEntityManagerFactory(Persistence.java:79)
		at org.openxava.jpa.XPersistence.getEntityManagerFactory(XPersistence.java:191)
		at org.openxava.jpa.XPersistence.createManager(XPersistence.java:107)
		at org.openxava.component.parse.AnnotatedClassParser.obtainManagedClassNamesUsingJPA(AnnotatedClassParser.java:2706)
		at org.openxava.component.parse.AnnotatedClassParser.getManagedClassNames(AnnotatedClassParser.java:2622)
		at com.openxava.naviox.impl.InitializerProvider.init(InitializerProvider.java:31)
		at com.openxava.naviox.impl.Initializer.init(Initializer.java:32)
		at com.openxava.naviox.web.NaviOXFilter.doFilter(NaviOXFilter.java:56)
		at org.apache.catalina.core.ApplicationFilterChain.internalDoFilter(ApplicationFilterChain.java:178)
		at org.apache.catalina.core.ApplicationFilterChain.doFilter(ApplicationFilterChain.java:153)
		at org.apache.catalina.core.StandardWrapperValve.invoke(StandardWrapperValve.java:168)
		at org.apache.catalina.core.StandardContextValve.invoke(StandardContextValve.java:90)
		at org.apache.catalina.authenticator.AuthenticatorBase.invoke(AuthenticatorBase.java:481)
		at org.apache.catalina.core.StandardHostValve.invoke(StandardHostValve.java:130)
		at org.apache.catalina.valves.ErrorReportValve.invoke(ErrorReportValve.java:93)
		at org.apache.catalina.valves.AbstractAccessLogValve.invoke(AbstractAccessLogValve.java:670)
		at org.apache.catalina.core.StandardEngineValve.invoke(StandardEngineValve.java:74)
		at org.apache.catalina.connector.CoyoteAdapter.service(CoyoteAdapter.java:342)
		at org.apache.coyote.http11.Http11Processor.service(Http11Processor.java:390)
		at org.apache.coyote.AbstractProcessorLight.process(AbstractProcessorLight.java:63)
		at org.apache.coyote.AbstractProtocol$ConnectionHandler.process(AbstractProtocol.java:928)
		at org.apache.tomcat.util.net.NioEndpoint$SocketProcessor.doRun(NioEndpoint.java:1794)
		at org.apache.tomcat.util.net.SocketProcessorBase.run(SocketProcessorBase.java:52)
		at org.apache.tomcat.util.threads.ThreadPoolExecutor.runWorker(ThreadPoolExecutor.java:1191)
		at org.apache.tomcat.util.threads.ThreadPoolExecutor$Worker.run(ThreadPoolExecutor.java:659)
		at org.apache.tomcat.util.threads.TaskThread$WrappingRunnable.run(TaskThread.java:61)
		at java.base/java.lang.Thread.run(Thread.java:833)
	Caused by: org.hibernate.MappingException: Could not get constructor for org.hibernate.persister.entity.SingleTableEntityPersister
		at org.hibernate.persister.internal.PersisterFactoryImpl.createEntityPersister(PersisterFactoryImpl.java:123)
		at org.hibernate.persister.internal.PersisterFactoryImpl.createEntityPersister(PersisterFactoryImpl.java:77)
		at org.hibernate.metamodel.internal.MetamodelImpl.initialize(MetamodelImpl.java:182)
		at org.hibernate.internal.SessionFactoryImpl.<init>(SessionFactoryImpl.java:319)
		at org.hibernate.boot.internal.SessionFactoryBuilderImpl.build(SessionFactoryBuilderImpl.java:471)
		at org.hibernate.jpa.boot.internal.EntityManagerFactoryBuilderImpl.build(EntityManagerFactoryBuilderImpl.java:1498)
		... 28 more
	Caused by: org.hibernate.HibernateException: Unable to instantiate default tuplizer [org.hibernate.tuple.entity.PojoEntityTuplizer]
		at org.hibernate.tuple.entity.EntityTuplizerFactory.constructTuplizer(EntityTuplizerFactory.java:91)
		at org.hibernate.tuple.entity.EntityTuplizerFactory.constructDefaultTuplizer(EntityTuplizerFactory.java:116)
		at org.hibernate.tuple.entity.EntityMetamodel.<init>(EntityMetamodel.java:432)
		at org.hibernate.persister.entity.AbstractEntityPersister.<init>(AbstractEntityPersister.java:613)
		at org.hibernate.persister.entity.SingleTableEntityPersister.<init>(SingleTableEntityPersister.java:126)
		at java.base/jdk.internal.reflect.NativeConstructorAccessorImpl.newInstance0(Native Method)
		at java.base/jdk.internal.reflect.NativeConstructorAccessorImpl.newInstance(NativeConstructorAccessorImpl.java:77)
		at java.base/jdk.internal.reflect.DelegatingConstructorAccessorImpl.newInstance(DelegatingConstructorAccessorImpl.java:45)
		at java.base/java.lang.reflect.Constructor.newInstanceWithCaller(Constructor.java:499)
		at java.base/java.lang.reflect.Constructor.newInstance(Constructor.java:480)
		at org.hibernate.persister.internal.PersisterFactoryImpl.createEntityPersister(PersisterFactoryImpl.java:96)
		... 33 more
	Caused by: java.lang.reflect.InvocationTargetException
		at java.base/jdk.internal.reflect.NativeConstructorAccessorImpl.newInstance0(Native Method)
		at java.base/jdk.internal.reflect.NativeConstructorAccessorImpl.newInstance(NativeConstructorAccessorImpl.java:77)
		at java.base/jdk.internal.reflect.DelegatingConstructorAccessorImpl.newInstance(DelegatingConstructorAccessorImpl.java:45)
		at java.base/java.lang.reflect.Constructor.newInstanceWithCaller(Constructor.java:499)
		at java.base/java.lang.reflect.Constructor.newInstance(Constructor.java:480)
		at org.hibernate.tuple.entity.EntityTuplizerFactory.constructTuplizer(EntityTuplizerFactory.java:88)
		... 43 more
	Caused by: java.lang.IllegalArgumentException: Could not create type
		at net.bytebuddy.TypeCache.findOrInsert(TypeCache.java:170)
		at net.bytebuddy.TypeCache.findOrInsert(TypeCache.java:190)
		at org.hibernate.bytecode.internal.bytebuddy.ByteBuddyState.load(ByteBuddyState.java:179)
		at org.hibernate.bytecode.internal.bytebuddy.ByteBuddyState.loadProxy(ByteBuddyState.java:103)
		at org.hibernate.proxy.pojo.bytebuddy.ByteBuddyProxyHelper.buildProxy(ByteBuddyProxyHelper.java:59)
		at org.hibernate.proxy.pojo.bytebuddy.ByteBuddyProxyFactory.postInstantiate(ByteBuddyProxyFactory.java:61)
		at org.hibernate.tuple.entity.PojoEntityTuplizer.buildProxyFactory(PojoEntityTuplizer.java:102)
		at org.hibernate.tuple.entity.AbstractEntityTuplizer.<init>(AbstractEntityTuplizer.java:161)
		at org.hibernate.tuple.entity.PojoEntityTuplizer.<init>(PojoEntityTuplizer.java:53)
		... 49 more
	Caused by: java.lang.NoClassDefFoundError: net/bytebuddy/description/type/TypeDescription$Generic$OfParameterizedType$ForLoadedType$ParameterArgumentTypeList
		at net.bytebuddy.description.type.TypeDescription$Generic$OfParameterizedType$ForLoadedType.getTypeArguments(TypeDescription.java:5216)
		at net.bytebuddy.description.type.TypeDescription$Generic$Visitor$ForSignatureVisitor.onOwnableType(TypeDescription.java:1776)
		at net.bytebuddy.description.type.TypeDescription$Generic$Visitor$ForSignatureVisitor.onParameterizedType(TypeDescription.java:1758)
		at net.bytebuddy.description.type.TypeDescription$Generic$Visitor$ForSignatureVisitor.onParameterizedType(TypeDescription.java:1716)
		at net.bytebuddy.description.type.TypeDescription$Generic$OfParameterizedType.accept(TypeDescription.java:5059)
		at net.bytebuddy.description.method.MethodDescription$AbstractBase.getGenericSignature(MethodDescription.java:554)
		at net.bytebuddy.dynamic.scaffold.TypeWriter$MethodPool$Record$ForDefinedMethod.apply(TypeWriter.java:612)
		at net.bytebuddy.dynamic.scaffold.TypeWriter$Default$ForCreation.create(TypeWriter.java:6043)
		at net.bytebuddy.dynamic.scaffold.TypeWriter$Default.make(TypeWriter.java:2224)
		at net.bytebuddy.dynamic.DynamicType$Builder$AbstractBase$UsingTypeWriter.make(DynamicType.java:4050)
		at net.bytebuddy.dynamic.DynamicType$Builder$AbstractBase.make(DynamicType.java:3734)
		at net.bytebuddy.dynamic.DynamicType$Builder$AbstractBase$Delegator.make(DynamicType.java:3986)
		at org.hibernate.bytecode.internal.bytebuddy.ByteBuddyState.make(ByteBuddyState.java:208)
		at org.hibernate.bytecode.internal.bytebuddy.ByteBuddyState.make(ByteBuddyState.java:197)
		at org.hibernate.bytecode.internal.bytebuddy.ByteBuddyState.lambda$load$0(ByteBuddyState.java:182)
		at net.bytebuddy.TypeCache.findOrInsert(TypeCache.java:168)
		... 57 more
	Caused by: java.lang.ClassNotFoundException: net.bytebuddy.description.type.TypeDescription$Generic$OfParameterizedType$ForLoadedType$ParameterArgumentTypeList
		at org.apache.catalina.loader.WebappClassLoaderBase.loadClass(WebappClassLoaderBase.java:1329)
		at org.apache.catalina.loader.WebappClassLoaderBase.loadClass(WebappClassLoaderBase.java:1141)
		... 73 more
03-Nov-2024 17:57:10.427 INFO [main] org.apache.catalina.core.ApplicationContext.log ContextListener: contextInitialized()
03-Nov-2024 17:57:10.427 INFO [main] org.apache.catalina.core.ApplicationContext.log SessionListener: contextInitialized()
03-Nov-2024 17:57:10.450 INFO [main] org.apache.catalina.core.ApplicationContext.log ContextListener: attributeAdded('StockTicker', 'async.Stockticker@59c126af')
