02-Dec-2024 23:03:37.807 INFO [main] org.apache.catalina.core.ApplicationContext.log ContextListener: contextInitialized()
02-Dec-2024 23:03:37.809 INFO [main] org.apache.catalina.core.ApplicationContext.log SessionListener: contextInitialized()
02-Dec-2024 23:03:37.816 INFO [main] org.apache.catalina.core.ApplicationContext.log ContextListener: attributeAdded('StockTicker', 'async.Stockticker@319988b0')
02-Dec-2024 23:10:43.002 INFO [main] org.apache.catalina.core.ApplicationContext.log ContextListener: contextInitialized()
02-Dec-2024 23:10:43.033 INFO [main] org.apache.catalina.core.ApplicationContext.log SessionListener: contextInitialized()
02-Dec-2024 23:10:43.045 INFO [main] org.apache.catalina.core.ApplicationContext.log ContextListener: attributeAdded('StockTicker', 'async.Stockticker@592e843a')
02-Dec-2024 23:12:16.662 INFO [main] org.apache.catalina.core.ApplicationContext.log ContextListener: contextInitialized()
02-Dec-2024 23:12:16.663 INFO [main] org.apache.catalina.core.ApplicationContext.log SessionListener: contextInitialized()
02-Dec-2024 23:12:16.671 INFO [main] org.apache.catalina.core.ApplicationContext.log ContextListener: attributeAdded('StockTicker', 'async.Stockticker@423e4cbb')
02-Dec-2024 23:15:58.982 INFO [main] org.apache.catalina.core.ApplicationContext.log ContextListener: contextInitialized()
02-Dec-2024 23:15:58.983 INFO [main] org.apache.catalina.core.ApplicationContext.log SessionListener: contextInitialized()
02-Dec-2024 23:15:58.988 INFO [main] org.apache.catalina.core.ApplicationContext.log ContextListener: attributeAdded('StockTicker', 'async.Stockticker@4052274f')
02-Dec-2024 23:15:59.599 INFO [main] org.apache.catalina.core.ApplicationContext.log SessionListener: contextDestroyed()
02-Dec-2024 23:15:59.599 INFO [main] org.apache.catalina.core.ApplicationContext.log ContextListener: contextDestroyed()
02-Dec-2024 23:17:18.880 INFO [main] org.apache.catalina.core.ApplicationContext.log ContextListener: contextInitialized()
02-Dec-2024 23:17:18.881 INFO [main] org.apache.catalina.core.ApplicationContext.log SessionListener: contextInitialized()
02-Dec-2024 23:17:18.885 INFO [main] org.apache.catalina.core.ApplicationContext.log ContextListener: attributeAdded('StockTicker', 'async.Stockticker@1643d68f')
02-Dec-2024 23:17:19.297 INFO [main] org.apache.catalina.core.ApplicationContext.log SessionListener: contextDestroyed()
02-Dec-2024 23:17:19.298 INFO [main] org.apache.catalina.core.ApplicationContext.log ContextListener: contextDestroyed()
02-Dec-2024 23:26:12.268 INFO [main] org.apache.catalina.core.ApplicationContext.log ContextListener: contextInitialized()
02-Dec-2024 23:26:12.269 INFO [main] org.apache.catalina.core.ApplicationContext.log SessionListener: contextInitialized()
02-Dec-2024 23:26:12.273 INFO [main] org.apache.catalina.core.ApplicationContext.log ContextListener: attributeAdded('StockTicker', 'async.Stockticker@6de1c4cb')
