19-Sep-2024 17:50:48.221 INFO [main] org.apache.catalina.core.ApplicationContext.log ContextListener: contextInitialized()
19-Sep-2024 17:50:48.221 INFO [main] org.apache.catalina.core.ApplicationContext.log SessionListener: contextInitialized()
19-Sep-2024 17:50:48.225 INFO [main] org.apache.catalina.core.ApplicationContext.log ContextListener: attributeAdded('StockTicker', 'async.Stockticker@107b7d1')
19-Sep-2024 17:54:18.469 SEVERE [http-nio-1111-exec-10] org.apache.catalina.core.StandardWrapperValve.invoke Servlet.service() for servlet [jsp] in context with path [/invoicedemo] threw exception [Filter execution threw an exception] with root cause
	java.lang.NoSuchMethodError: java.lang.String.repeat(I)Ljava/lang/String;
		at org.mariadb.jdbc.DatabaseMetaData.parseIdentifier(DatabaseMetaData.java:86)
		at org.mariadb.jdbc.DatabaseMetaData.getImportedKeys(DatabaseMetaData.java:235)
		at org.mariadb.jdbc.DatabaseMetaData.getImportedKeysUsingShowCreateTable(DatabaseMetaData.java:1104)
		at org.mariadb.jdbc.DatabaseMetaData.getImportedKeys(DatabaseMetaData.java:458)
		at org.apache.tomcat.dbcp.dbcp2.DelegatingDatabaseMetaData.getImportedKeys(DelegatingDatabaseMetaData.java:405)
		at org.apache.tomcat.dbcp.dbcp2.DelegatingDatabaseMetaData.getImportedKeys(DelegatingDatabaseMetaData.java:405)
		at org.hibernate.tool.schema.extract.internal.InformationExtractorJdbcDatabaseMetaDataImpl.processImportedKeysResultSet(InformationExtractorJdbcDatabaseMetaDataImpl.java:128)
		at org.hibernate.tool.schema.extract.internal.AbstractInformationExtractorImpl.getForeignKeys(AbstractInformationExtractorImpl.java:1283)
		at org.hibernate.tool.schema.extract.internal.TableInformationImpl.foreignKeys(TableInformationImpl.java:97)
		at org.hibernate.tool.schema.extract.internal.TableInformationImpl.getForeignKeys(TableInformationImpl.java:91)
		at org.hibernate.tool.schema.internal.AbstractSchemaMigrator.equivalentForeignKeyExistsInDatabase(AbstractSchemaMigrator.java:500)
		at org.hibernate.tool.schema.internal.AbstractSchemaMigrator.checkForExistingForeignKey(AbstractSchemaMigrator.java:485)
		at org.hibernate.tool.schema.internal.AbstractSchemaMigrator.applyForeignKeys(AbstractSchemaMigrator.java:442)
		at org.hibernate.tool.schema.internal.AbstractSchemaMigrator.performMigration(AbstractSchemaMigrator.java:263)
		at org.hibernate.tool.schema.internal.AbstractSchemaMigrator.doMigration(AbstractSchemaMigrator.java:123)
		at org.hibernate.tool.schema.spi.SchemaManagementToolCoordinator.performDatabaseAction(SchemaManagementToolCoordinator.java:196)
		at org.hibernate.tool.schema.spi.SchemaManagementToolCoordinator.process(SchemaManagementToolCoordinator.java:85)
		at org.hibernate.internal.SessionFactoryImpl.<init>(SessionFactoryImpl.java:335)
		at org.hibernate.boot.internal.SessionFactoryBuilderImpl.build(SessionFactoryBuilderImpl.java:471)
		at org.hibernate.jpa.boot.internal.EntityManagerFactoryBuilderImpl.build(EntityManagerFactoryBuilderImpl.java:1498)
		at org.hibernate.jpa.HibernatePersistenceProvider.createEntityManagerFactory(HibernatePersistenceProvider.java:56)
		at javax.persistence.Persistence.createEntityManagerFactory(Persistence.java:79)
		at org.openxava.jpa.XPersistence.getEntityManagerFactory(XPersistence.java:191)
		at org.openxava.jpa.XPersistence.getHibernateDefaultSchemaPropertyName(XPersistence.java:253)
		at org.openxava.jpa.XPersistence.getDefaultPersistenceUnitProperties(XPersistence.java:280)
		at org.openxava.jpa.XPersistence.getPersistenceUnitProperties(XPersistence.java:270)
		at org.openxava.jpa.XPersistence.getEntityManagerFactory(XPersistence.java:180)
		at org.openxava.jpa.XPersistence.createManager(XPersistence.java:107)
		at org.openxava.component.parse.AnnotatedClassParser.obtainManagedClassNamesUsingJPA(AnnotatedClassParser.java:2701)
		at org.openxava.component.parse.AnnotatedClassParser.getManagedClassNames(AnnotatedClassParser.java:2617)
		at com.openxava.naviox.impl.InitializerProvider.init(InitializerProvider.java:31)
		at com.openxava.naviox.impl.Initializer.init(Initializer.java:32)
		at com.openxava.naviox.web.NaviOXFilter.doFilter(NaviOXFilter.java:56)
		at org.apache.catalina.core.ApplicationFilterChain.internalDoFilter(ApplicationFilterChain.java:178)
		at org.apache.catalina.core.ApplicationFilterChain.doFilter(ApplicationFilterChain.java:153)
		at org.apache.catalina.core.StandardWrapperValve.invoke(StandardWrapperValve.java:168)
		at org.apache.catalina.core.StandardContextValve.invoke(StandardContextValve.java:90)
		at org.apache.catalina.authenticator.AuthenticatorBase.invoke(AuthenticatorBase.java:481)
		at org.apache.catalina.core.StandardHostValve.invoke(StandardHostValve.java:130)
		at org.apache.catalina.valves.ErrorReportValve.invoke(ErrorReportValve.java:93)
		at org.apache.catalina.valves.AbstractAccessLogValve.invoke(AbstractAccessLogValve.java:670)
		at org.apache.catalina.core.StandardEngineValve.invoke(StandardEngineValve.java:74)
		at org.apache.catalina.connector.CoyoteAdapter.service(CoyoteAdapter.java:342)
		at org.apache.coyote.http11.Http11Processor.service(Http11Processor.java:390)
		at org.apache.coyote.AbstractProcessorLight.process(AbstractProcessorLight.java:63)
		at org.apache.coyote.AbstractProtocol$ConnectionHandler.process(AbstractProtocol.java:928)
		at org.apache.tomcat.util.net.NioEndpoint$SocketProcessor.doRun(NioEndpoint.java:1794)
		at org.apache.tomcat.util.net.SocketProcessorBase.run(SocketProcessorBase.java:52)
		at org.apache.tomcat.util.threads.ThreadPoolExecutor.runWorker(ThreadPoolExecutor.java:1191)
		at org.apache.tomcat.util.threads.ThreadPoolExecutor$Worker.run(ThreadPoolExecutor.java:659)
		at org.apache.tomcat.util.threads.TaskThread$WrappingRunnable.run(TaskThread.java:61)
		at java.lang.Thread.run(Thread.java:750)
19-Sep-2024 17:56:58.359 INFO [main] org.apache.catalina.core.ApplicationContext.log ContextListener: contextInitialized()
19-Sep-2024 17:56:58.360 INFO [main] org.apache.catalina.core.ApplicationContext.log SessionListener: contextInitialized()
19-Sep-2024 17:56:58.365 INFO [main] org.apache.catalina.core.ApplicationContext.log ContextListener: attributeAdded('StockTicker', 'async.Stockticker@561b088d')
